# JRE version: OpenJDK Runtime Environment JBR-11.0.13.7-1751.19-jcef (11.0.13+7) (build 11.0.13+7-b1751.19)
# Java VM: OpenJDK 64-Bit Server VM JBR-11.0.13.7-1751.19-jcef (11.0.13+7-b1751.19, mixed mode, tiered, compressed oops, g1 gc, windows-amd64)
Heap:
 garbage-first heap   total 131072K, used 8352K [0x00000000d1200000, 0x0000000100000000)
  region size 1024K, 5 young (5120K), 0 survivors (0K)
 Metaspace       used 16001K, capacity 16542K, committed 16640K, reserved 1064960K
  class space    used 1561K, capacity 1773K, committed 1792K, reserved 1048576K
GC Heap History (6 events):
Event: 1.600 GC heap before
{Heap before GC invocations=0 (full 0):
 garbage-first heap   total 131072K, used 14336K [0x00000000d1200000, 0x0000000100000000)
  region size 1024K, 14 young (14336K), 0 survivors (0K)
 Metaspace       used 12103K, capacity 12643K, committed 12800K, reserved 1060864K
  class space    used 1253K, capacity 1470K, committed 1536K, reserved 1048576K
}
Event: 1.609 GC heap after
{Heap after GC invocations=1 (full 0):
 garbage-first heap   total 131072K, used 3447K [0x00000000d1200000, 0x0000000100000000)
  region size 1024K, 2 young (2048K), 2 survivors (2048K)
 Metaspace       used 12103K, capacity 12643K, committed 12800K, reserved 1060864K
  class space    used 1253K, capacity 1470K, committed 1536K, reserved 1048576K
}
Event: 1.840 GC heap before
{Heap before GC invocations=1 (full 0):
 garbage-first heap   total 131072K, used 7543K [0x00000000d1200000, 0x0000000100000000)
  region size 1024K, 6 young (6144K), 2 survivors (2048K)
 Metaspace       used 14477K, capacity 15035K, committed 15360K, reserved 1062912K
  class space    used 1482K, capacity 1692K, committed 1792K, reserved 1048576K
}
Event: 1.844 GC heap after
{Heap after GC invocations=2 (full 0):
 garbage-first heap   total 131072K, used 4121K [0x00000000d1200000, 0x0000000100000000)
  region size 1024K, 1 young (1024K), 1 survivors (1024K)
 Metaspace       used 14477K, capacity 15035K, committed 15360K, reserved 1062912K
  class space    used 1482K, capacity 1692K, committed 1792K, reserved 1048576K
}
Event: 4195.733 GC heap before
{Heap before GC invocations=2 (full 0):
 garbage-first heap   total 131072K, used 17433K [0x00000000d1200000, 0x0000000100000000)
  region size 1024K, 15 young (15360K), 1 survivors (1024K)
 Metaspace       used 15997K, capacity 16542K, committed 16640K, reserved 1064960K
  class space    used 1561K, capacity 1773K, committed 1792K, reserved 1048576K
}
Event: 4195.766 GC heap after
{Heap after GC invocations=3 (full 1):
 garbage-first heap   total 131072K, used 4256K [0x00000000d1200000, 0x0000000100000000)
  region size 1024K, 0 young (0K), 0 survivors (0K)
 Metaspace       used 15997K, capacity 16542K, committed 16640K, reserved 1064960K
  class space    used 1561K, capacity 1773K, committed 1792K, reserved 1048576K
}

